-outxml
-source
1.7
-target
1.7
-classpath
C:\Users\hackcoder\.m2\repository\antlr\antlr\2.7.7\antlr-2.7.7.jar;C:\Users\hackcoder\.m2\repository\aopalliance\aopalliance\1.0\aopalliance-1.0.jar;C:\Users\hackcoder\.m2\repository\c3p0\c3p0\0.9.1.2\c3p0-0.9.1.2.jar;C:\Users\hackcoder\.m2\repository\ch\qos\logback\logback-classic\1.0.9\logback-classic-1.0.9.jar;C:\Users\hackcoder\.m2\repository\ch\qos\logback\logback-core\1.0.9\logback-core-1.0.9.jar;C:\Users\hackcoder\.m2\repository\com\fasterxml\classmate\1.0.0\classmate-1.0.0.jar;C:\Users\hackcoder\.m2\repository\com\fasterxml\jackson\core\jackson-annotations\2.3.0\jackson-annotations-2.3.0.jar;C:\Users\hackcoder\.m2\repository\com\fasterxml\jackson\core\jackson-core\2.3.0\jackson-core-2.3.0.jar;C:\Users\hackcoder\.m2\repository\com\fasterxml\jackson\core\jackson-databind\2.3.0\jackson-databind-2.3.0.jar;C:\Users\hackcoder\.m2\repository\com\fasterxml\jackson\datatype\jackson-datatype-hibernate4\2.2.3\jackson-datatype-hibernate4-2.2.3.jar;C:\Users\hackcoder\.m2\repository\dom4j\dom4j\1.6.1\dom4j-1.6.1.jar;C:\Users\hackcoder\.m2\repository\javax\javaee-api\6.0\javaee-api-6.0.jar;C:\Users\hackcoder\.m2\repository\javax\inject\javax.inject\1\javax.inject-1.jar;C:\Users\hackcoder\.m2\repository\javax\servlet\javax.servlet-api\3.0.1\javax.servlet-api-3.0.1.jar;C:\Users\hackcoder\.m2\repository\javax\servlet\jsp\jsp-api\2.1\jsp-api-2.1.jar;C:\Users\hackcoder\.m2\repository\javax\servlet\jsp\jstl\jstl-api\1.2\jstl-api-1.2.jar;C:\Users\hackcoder\.m2\repository\javax\validation\validation-api\1.1.0.Final\validation-api-1.1.0.Final.jar;C:\Users\hackcoder\.m2\repository\joda-time\joda-time\2.3\joda-time-2.3.jar;C:\Users\hackcoder\.m2\repository\mysql\mysql-connector-java\5.1.33\mysql-connector-java-5.1.33.jar;C:\Users\hackcoder\.m2\repository\org\apache\commons\commons-lang3\3.1\commons-lang3-3.1.jar;C:\Users\hackcoder\.m2\repository\org\apache\commons\commons-pool2\2.3\commons-pool2-2.3.jar;C:\Users\hackcoder\.m2\repository\org\apache\tomcat\tomcat-servlet-api\7.0.30\tomcat-servlet-api-7.0.30.jar;C:\Users\hackcoder\.m2\repository\org\aspectj\aspectjrt\1.7.4\aspectjrt-1.7.4.jar;C:\Users\hackcoder\.m2\repository\org\aspectj\aspectjweaver\1.8.5\aspectjweaver-1.8.5.jar;C:\Users\hackcoder\.m2\repository\org\hibernate\hibernate-core\4.3.6.Final\hibernate-core-4.3.6.Final.jar;C:\Users\hackcoder\.m2\repository\org\hibernate\hibernate-entitymanager\4.3.6.Final\hibernate-entitymanager-4.3.6.Final.jar;C:\Users\hackcoder\.m2\repository\org\hibernate\hibernate-validator\5.1.2.Final\hibernate-validator-5.1.2.Final.jar;C:\Users\hackcoder\.m2\repository\org\hibernate\common\hibernate-commons-annotations\4.0.5.Final\hibernate-commons-annotations-4.0.5.Final.jar;C:\Users\hackcoder\.m2\repository\org\hibernate\javax\persistence\hibernate-jpa-2.1-api\1.0.0.Final\hibernate-jpa-2.1-api-1.0.0.Final.jar;C:\Users\hackcoder\.m2\repository\org\javassist\javassist\3.18.1-GA\javassist-3.18.1-GA.jar;C:\Users\hackcoder\.m2\repository\org\jboss\jandex\1.1.0.Final\jandex-1.1.0.Final.jar;C:\Users\hackcoder\.m2\repository\org\jboss\logging\jboss-logging\3.1.3.GA\jboss-logging-3.1.3.GA.jar;C:\Users\hackcoder\.m2\repository\org\jboss\logging\jboss-logging-annotations\1.2.0.Beta1\jboss-logging-annotations-1.2.0.Beta1.jar;C:\Users\hackcoder\.m2\repository\org\jboss\spec\javax\transaction\jboss-transaction-api_1.2_spec\1.0.0.Final\jboss-transaction-api_1.2_spec-1.0.0.Final.jar;C:\Users\hackcoder\.m2\repository\org\slf4j\jcl-over-slf4j\1.6.1\jcl-over-slf4j-1.6.1.jar;C:\Users\hackcoder\.m2\repository\org\slf4j\slf4j-api\1.6.1\slf4j-api-1.6.1.jar;C:\Users\hackcoder\.m2\repository\org\springframework\spring-aop\4.1.6.RELEASE\spring-aop-4.1.6.RELEASE.jar;C:\Users\hackcoder\.m2\repository\org\springframework\spring-aspects\4.1.6.RELEASE\spring-aspects-4.1.6.RELEASE.jar;C:\Users\hackcoder\.m2\repository\org\springframework\spring-beans\4.1.6.RELEASE\spring-beans-4.1.6.RELEASE.jar;C:\Users\hackcoder\.m2\repository\org\springframework\spring-context\4.1.6.RELEASE\spring-context-4.1.6.RELEASE.jar;C:\Users\hackcoder\.m2\repository\org\springframework\spring-context-support\4.0.9.RELEASE\spring-context-support-4.0.9.RELEASE.jar;C:\Users\hackcoder\.m2\repository\org\springframework\spring-core\4.1.6.RELEASE\spring-core-4.1.6.RELEASE.jar;C:\Users\hackcoder\.m2\repository\org\springframework\spring-expression\4.1.6.RELEASE\spring-expression-4.1.6.RELEASE.jar;C:\Users\hackcoder\.m2\repository\org\springframework\spring-jdbc\4.0.7.RELEASE\spring-jdbc-4.0.7.RELEASE.jar;C:\Users\hackcoder\.m2\repository\org\springframework\spring-orm\4.0.7.RELEASE\spring-orm-4.0.7.RELEASE.jar;C:\Users\hackcoder\.m2\repository\org\springframework\spring-oxm\4.1.6.RELEASE\spring-oxm-4.1.6.RELEASE.jar;C:\Users\hackcoder\.m2\repository\org\springframework\spring-tx\4.0.9.RELEASE\spring-tx-4.0.9.RELEASE.jar;C:\Users\hackcoder\.m2\repository\org\springframework\spring-web\4.1.6.RELEASE\spring-web-4.1.6.RELEASE.jar;C:\Users\hackcoder\.m2\repository\org\springframework\spring-webmvc\4.1.6.RELEASE\spring-webmvc-4.1.6.RELEASE.jar;C:\Users\hackcoder\.m2\repository\org\springframework\data\spring-data-commons\1.9.0.RELEASE\spring-data-commons-1.9.0.RELEASE.jar;C:\Users\hackcoder\.m2\repository\org\springframework\data\spring-data-jpa\1.7.0.RELEASE\spring-data-jpa-1.7.0.RELEASE.jar;C:\Users\hackcoder\.m2\repository\org\springframework\data\spring-data-redis\1.5.0.RELEASE\spring-data-redis-1.5.0.RELEASE.jar;C:\Users\hackcoder\.m2\repository\org\springframework\security\spring-security-config\4.0.0.RELEASE\spring-security-config-4.0.0.RELEASE.jar;C:\Users\hackcoder\.m2\repository\org\springframework\security\spring-security-core\4.0.0.RELEASE\spring-security-core-4.0.0.RELEASE.jar;C:\Users\hackcoder\.m2\repository\org\springframework\security\spring-security-web\4.0.0.RELEASE\spring-security-web-4.0.0.RELEASE.jar;C:\Users\hackcoder\.m2\repository\org\springframework\session\spring-session\1.0.1.RELEASE\spring-session-1.0.1.RELEASE.jar;C:\Users\hackcoder\.m2\repository\org\springframework\session\spring-session-data-redis\1.0.1.RELEASE\spring-session-data-redis-1.0.1.RELEASE.jar;C:\Users\hackcoder\.m2\repository\redis\clients\jedis\2.7.0\jedis-2.7.0.jar;C:\Users\hackcoder\.m2\repository\xml-apis\xml-apis\1.0.b2\xml-apis-1.0.b2.jar;F:\Git\yamikitchen\target\classes
-d
F:\Git\yamikitchen\target\classes
F:\Git\yamikitchen\src\main\java\com\xiaobudian\yamikitchen\service\MemberServiceImpl.java
F:\Git\yamikitchen\src\main\java\com\xiaobudian\yamikitchen\domain\Order.java
F:\Git\yamikitchen\src\main\java\com\xiaobudian\yamikitchen\domain\User.java
F:\Git\yamikitchen\src\main\java\com\xiaobudian\yamikitchen\config\AppInitializer.java
F:\Git\yamikitchen\src\main\java\com\xiaobudian\yamikitchen\repository\TransactionFlowRepository.java
F:\Git\yamikitchen\src\main\java\com\xiaobudian\yamikitchen\web\ProductController.java
F:\Git\yamikitchen\src\main\java\com\xiaobudian\yamikitchen\domain\Product.java
F:\Git\yamikitchen\src\main\java\com\xiaobudian\yamikitchen\repository\UserAddressRepository.java
F:\Git\yamikitchen\src\main\java\com\xiaobudian\yamikitchen\web\MerchantController.java
F:\Git\yamikitchen\src\main\java\com\xiaobudian\yamikitchen\web\dto\UserResponse.java
F:\Git\yamikitchen\src\main\java\com\xiaobudian\yamikitchen\repository\OrderRepository.java
F:\Git\yamikitchen\src\main\java\com\xiaobudian\yamikitchen\domain\OderItem.java
F:\Git\yamikitchen\src\main\java\com\xiaobudian\yamikitchen\web\ExternalIntegrationController.java
F:\Git\yamikitchen\src\main\java\com\xiaobudian\yamikitchen\domain\RedEnvelope.java
F:\Git\yamikitchen\src\main\java\com\xiaobudian\yamikitchen\service\MerchantServiceImpl.java
F:\Git\yamikitchen\src\main\java\com\xiaobudian\yamikitchen\repository\UserRepository.java
F:\Git\yamikitchen\src\main\java\com\xiaobudian\yamikitchen\service\SmsServiceImpl.java
F:\Git\yamikitchen\src\main\java\com\xiaobudian\yamikitchen\config\AppConfig.java
F:\Git\yamikitchen\src\main\java\com\xiaobudian\yamikitchen\service\ProductServiceImpl.java
F:\Git\yamikitchen\src\main\java\com\xiaobudian\yamikitchen\common\Result.java
F:\Git\yamikitchen\src\main\java\com\xiaobudian\yamikitchen\common\auth\RestAuthSuccessHandler.java
F:\Git\yamikitchen\src\main\java\com\xiaobudian\yamikitchen\domain\TransactionFlow.java
F:\Git\yamikitchen\src\main\java\com\xiaobudian\yamikitchen\service\ProductService.java
F:\Git\yamikitchen\src\main\java\com\xiaobudian\yamikitchen\web\MemberController.java
F:\Git\yamikitchen\src\main\java\com\xiaobudian\yamikitchen\repository\CommentRepository.java
F:\Git\yamikitchen\src\main\java\com\xiaobudian\yamikitchen\common\Keys.java
F:\Git\yamikitchen\src\main\java\com\xiaobudian\yamikitchen\web\dto\UserRequest.java
F:\Git\yamikitchen\src\main\java\com\xiaobudian\yamikitchen\service\MerchantService.java
F:\Git\yamikitchen\src\main\java\com\xiaobudian\yamikitchen\common\auth\UnauthorizedAuthenticationEntryPoint.java
F:\Git\yamikitchen\src\main\java\com\xiaobudian\yamikitchen\config\SecurityConfig.java
F:\Git\yamikitchen\src\main\java\com\xiaobudian\yamikitchen\repository\RedisRepository.java
F:\Git\yamikitchen\src\main\java\com\xiaobudian\yamikitchen\repository\MerchantRepository.java
F:\Git\yamikitchen\src\main\java\com\xiaobudian\yamikitchen\common\auth\CustomAuthenticationProvider.java
F:\Git\yamikitchen\src\main\java\com\xiaobudian\yamikitchen\domain\Comment.java
F:\Git\yamikitchen\src\main\java\com\xiaobudian\yamikitchen\service\SmsService.java
F:\Git\yamikitchen\src\main\java\com\xiaobudian\yamikitchen\common\auth\RestAuthFailureHandler.java
F:\Git\yamikitchen\src\main\java\com\xiaobudian\yamikitchen\domain\Account.java
F:\Git\yamikitchen\src\main\java\com\xiaobudian\yamikitchen\common\GlobalExceptionHandlerController.java
F:\Git\yamikitchen\src\main\java\com\xiaobudian\yamikitchen\config\WebConfig.java
F:\Git\yamikitchen\src\main\java\com\xiaobudian\yamikitchen\domain\Favorite.java
F:\Git\yamikitchen\src\main\java\com\xiaobudian\yamikitchen\domain\UserAddress.java
F:\Git\yamikitchen\src\main\java\com\xiaobudian\yamikitchen\repository\ProductRepository.java
F:\Git\yamikitchen\src\main\java\com\xiaobudian\yamikitchen\config\HttpSessionConfig.java
F:\Git\yamikitchen\src\main\java\com\xiaobudian\yamikitchen\domain\Merchant.java
F:\Git\yamikitchen\src\main\java\com\xiaobudian\yamikitchen\service\MemberService.java
F:\Git\yamikitchen\src\main\java\com\xiaobudian\yamikitchen\repository\FavoriteRepository.java
F:\Git\yamikitchen\src\main\java\com\xiaobudian\yamikitchen\common\LocalizedMessageSource.java
